<?xml version="1.0" encoding="UTF-8"?>
<!-- Generated by org.testng.reporters.JUnitXMLReporter -->
<testsuite hostname="pc-PC" ignored="0" name="test1" tests="28" failures="0" timestamp="23 十一月 2018 13:00:05 GMT" time="0.202" errors="0">
  <testcase name="f" time="0.001" classname="com.testing.Vip01TestNGMaven.dataDriven"/>
  <testcase name="f" time="0.0" classname="com.testing.Vip01TestNGMaven.dataDriven"/>
  <testcase name="f" time="0.001" classname="com.testing.Vip01TestNGMaven.dataDriven"/>
  <testcase name="f" time="0.0" classname="com.testing.Vip01TestNGMaven.dataDriven"/>
  <testcase name="f" time="0.0" classname="com.testing.Vip01TestNGMaven.dataDriven"/>
  <testcase name="f" time="0.001" classname="com.testing.Vip01TestNGMaven.dataDriven"/>
  <testcase name="f" time="0.001" classname="com.testing.Vip01TestNGMaven.dataDriven"/>
  <testcase name="f" time="0.0" classname="com.testing.Vip01TestNGMaven.dataDriven"/>
  <testcase name="f" time="0.001" classname="com.testing.Vip01TestNGMaven.dataDriven"/>
  <testcase name="f" time="0.0" classname="com.testing.Vip01TestNGMaven.dataDriven"/>
  <testcase name="f" time="0.0" classname="com.testing.Vip01TestNGMaven.dataDriven"/>
  <testcase name="f" time="0.0" classname="com.testing.Vip01TestNGMaven.dataDriven"/>
  <testcase name="f" time="0.001" classname="com.testing.Vip01TestNGMaven.dataDriven"/>
  <testcase name="f" time="0.001" classname="com.testing.Vip01TestNGMaven.dataDriven"/>
  <testcase name="f" time="0.0" classname="com.testing.Vip01TestNGMaven.dataDriven"/>
  <testcase name="f" time="0.002" classname="com.testing.Vip01TestNGMaven.dataDriven"/>
  <testcase name="f" time="0.001" classname="com.testing.Vip01TestNGMaven.dataDriven"/>
  <testcase name="f" time="0.0" classname="com.testing.Vip01TestNGMaven.dataDriven"/>
  <testcase name="f" time="0.004" classname="com.testing.Vip01TestNGMaven.dataDriven"/>
  <testcase name="f" time="0.0" classname="com.testing.Vip01TestNGMaven.dataDriven"/>
  <testcase name="f" time="0.0" classname="com.testing.Vip01TestNGMaven.dataDriven"/>
  <testcase name="f" time="0.0" classname="com.testing.Vip01TestNGMaven.dataDriven"/>
  <testcase name="f" time="0.001" classname="com.testing.Vip01TestNGMaven.dataDriven"/>
  <testcase name="f" time="0.0" classname="com.testing.Vip01TestNGMaven.dataDriven"/>
  <testcase name="f" time="0.0" classname="com.testing.Vip01TestNGMaven.dataDriven"/>
  <testcase name="f" time="0.0" classname="com.testing.Vip01TestNGMaven.dataDriven"/>
  <testcase name="f" time="0.001" classname="com.testing.Vip01TestNGMaven.dataDriven"/>
  <testcase name="f" time="0.0" classname="com.testing.Vip01TestNGMaven.dataDriven"/>
</testsuite> <!-- test1 -->
