<?xml version="1.0" encoding="UTF-8"?>
<testng-results skipped="0" failed="0" ignored="0" total="28" passed="28">
  <reporter-output>
  </reporter-output>
  <suite name="Suite1" duration-ms="202" started-at="2018-11-23T13:00:05Z" finished-at="2018-11-23T13:00:05Z">
    <groups>
    </groups>
    <test name="test1" duration-ms="202" started-at="2018-11-23T13:00:05Z" finished-at="2018-11-23T13:00:05Z">
      <class name="com.testing.Vip01TestNGMaven.dataDriven">
        <test-method status="PASS" signature="beforeSuite()[pri:0, instance:com.testing.Vip01TestNGMaven.dataDriven@880ec60]" name="beforeSuite" is-config="true" duration-ms="1676" started-at="2018-11-23T13:00:03Z" finished-at="2018-11-23T13:00:05Z">
          <reporter-output>
          </reporter-output>
        </test-method> <!-- beforeSuite -->
        <test-method status="PASS" signature="f(java.lang.String, java.lang.String, java.lang.String, java.lang.String, java.lang.String, java.lang.String, java.lang.String, java.lang.String, java.lang.String, java.lang.String, java.lang.String)[pri:0, instance:com.testing.Vip01TestNGMaven.dataDriven@880ec60]" name="f" duration-ms="1" started-at="2018-11-23T13:00:05Z" data-provider="keywords" finished-at="2018-11-23T13:00:05Z">
          <params>
            <param index="0">
              <value>
                <![CDATA[1]]>
              </value>
            </param>
            <param index="1">
              <value>
                <![CDATA[]]>
              </value>
            </param>
            <param index="2">
              <value>
                <![CDATA[打开浏览器]]>
              </value>
            </param>
            <param index="3">
              <value>
                <![CDATA[openBrowser]]>
              </value>
            </param>
            <param index="4">
              <value>
                <![CDATA[chrome]]>
              </value>
            </param>
            <param index="5">
              <value>
                <![CDATA[]]>
              </value>
            </param>
            <param index="6">
              <value>
                <![CDATA[]]>
              </value>
            </param>
            <param index="7">
              <value>
                <![CDATA[]]>
              </value>
            </param>
            <param index="8">
              <value>
                <![CDATA[]]>
              </value>
            </param>
            <param index="9">
              <value>
                <![CDATA[]]>
              </value>
            </param>
            <param index="10">
              <value>
                <![CDATA[]]>
              </value>
            </param>
          </params>
          <reporter-output>
          </reporter-output>
        </test-method> <!-- f -->
        <test-method status="PASS" signature="f(java.lang.String, java.lang.String, java.lang.String, java.lang.String, java.lang.String, java.lang.String, java.lang.String, java.lang.String, java.lang.String, java.lang.String, java.lang.String)[pri:0, instance:com.testing.Vip01TestNGMaven.dataDriven@880ec60]" name="f" duration-ms="0" started-at="2018-11-23T13:00:05Z" data-provider="keywords" finished-at="2018-11-23T13:00:05Z">
          <params>
            <param index="0">
              <value>
                <![CDATA[2]]>
              </value>
            </param>
            <param index="1">
              <value>
                <![CDATA[]]>
              </value>
            </param>
            <param index="2">
              <value>
                <![CDATA[访问商城后台]]>
              </value>
            </param>
            <param index="3">
              <value>
                <![CDATA[visitWeb]]>
              </value>
            </param>
            <param index="4">
              <value>
                <![CDATA[http://112.74.191.10:8000/Admin/Admin/login]]>
              </value>
            </param>
            <param index="5">
              <value>
                <![CDATA[]]>
              </value>
            </param>
            <param index="6">
              <value>
                <![CDATA[]]>
              </value>
            </param>
            <param index="7">
              <value>
                <![CDATA[]]>
              </value>
            </param>
            <param index="8">
              <value>
                <![CDATA[]]>
              </value>
            </param>
            <param index="9">
              <value>
                <![CDATA[]]>
              </value>
            </param>
            <param index="10">
              <value>
                <![CDATA[]]>
              </value>
            </param>
          </params>
          <reporter-output>
          </reporter-output>
        </test-method> <!-- f -->
        <test-method status="PASS" signature="f(java.lang.String, java.lang.String, java.lang.String, java.lang.String, java.lang.String, java.lang.String, java.lang.String, java.lang.String, java.lang.String, java.lang.String, java.lang.String)[pri:0, instance:com.testing.Vip01TestNGMaven.dataDriven@880ec60]" name="f" duration-ms="1" started-at="2018-11-23T13:00:05Z" data-provider="keywords" finished-at="2018-11-23T13:00:05Z">
          <params>
            <param index="0">
              <value>
                <![CDATA[3]]>
              </value>
            </param>
            <param index="1">
              <value>
                <![CDATA[]]>
              </value>
            </param>
            <param index="2">
              <value>
                <![CDATA[输入用户名]]>
              </value>
            </param>
            <param index="3">
              <value>
                <![CDATA[input]]>
              </value>
            </param>
            <param index="4">
              <value>
                <![CDATA[//input[@name='username']]]>
              </value>
            </param>
            <param index="5">
              <value>
                <![CDATA[admin]]>
              </value>
            </param>
            <param index="6">
              <value>
                <![CDATA[]]>
              </value>
            </param>
            <param index="7">
              <value>
                <![CDATA[]]>
              </value>
            </param>
            <param index="8">
              <value>
                <![CDATA[]]>
              </value>
            </param>
            <param index="9">
              <value>
                <![CDATA[]]>
              </value>
            </param>
            <param index="10">
              <value>
                <![CDATA[]]>
              </value>
            </param>
          </params>
          <reporter-output>
          </reporter-output>
        </test-method> <!-- f -->
        <test-method status="PASS" signature="f(java.lang.String, java.lang.String, java.lang.String, java.lang.String, java.lang.String, java.lang.String, java.lang.String, java.lang.String, java.lang.String, java.lang.String, java.lang.String)[pri:0, instance:com.testing.Vip01TestNGMaven.dataDriven@880ec60]" name="f" duration-ms="0" started-at="2018-11-23T13:00:05Z" data-provider="keywords" finished-at="2018-11-23T13:00:05Z">
          <params>
            <param index="0">
              <value>
                <![CDATA[4]]>
              </value>
            </param>
            <param index="1">
              <value>
                <![CDATA[]]>
              </value>
            </param>
            <param index="2">
              <value>
                <![CDATA[输入密码]]>
              </value>
            </param>
            <param index="3">
              <value>
                <![CDATA[input]]>
              </value>
            </param>
            <param index="4">
              <value>
                <![CDATA[//input[@name='password']]]>
              </value>
            </param>
            <param index="5">
              <value>
                <![CDATA[123456]]>
              </value>
            </param>
            <param index="6">
              <value>
                <![CDATA[]]>
              </value>
            </param>
            <param index="7">
              <value>
                <![CDATA[]]>
              </value>
            </param>
            <param index="8">
              <value>
                <![CDATA[]]>
              </value>
            </param>
            <param index="9">
              <value>
                <![CDATA[]]>
              </value>
            </param>
            <param index="10">
              <value>
                <![CDATA[]]>
              </value>
            </param>
          </params>
          <reporter-output>
          </reporter-output>
        </test-method> <!-- f -->
        <test-method status="PASS" signature="f(java.lang.String, java.lang.String, java.lang.String, java.lang.String, java.lang.String, java.lang.String, java.lang.String, java.lang.String, java.lang.String, java.lang.String, java.lang.String)[pri:0, instance:com.testing.Vip01TestNGMaven.dataDriven@880ec60]" name="f" duration-ms="0" started-at="2018-11-23T13:00:05Z" data-provider="keywords" finished-at="2018-11-23T13:00:05Z">
          <params>
            <param index="0">
              <value>
                <![CDATA[5]]>
              </value>
            </param>
            <param index="1">
              <value>
                <![CDATA[]]>
              </value>
            </param>
            <param index="2">
              <value>
                <![CDATA[输入验证码]]>
              </value>
            </param>
            <param index="3">
              <value>
                <![CDATA[input]]>
              </value>
            </param>
            <param index="4">
              <value>
                <![CDATA[//*[@id='vertify']]]>
              </value>
            </param>
            <param index="5">
              <value>
                <![CDATA[1]]>
              </value>
            </param>
            <param index="6">
              <value>
                <![CDATA[]]>
              </value>
            </param>
            <param index="7">
              <value>
                <![CDATA[]]>
              </value>
            </param>
            <param index="8">
              <value>
                <![CDATA[]]>
              </value>
            </param>
            <param index="9">
              <value>
                <![CDATA[]]>
              </value>
            </param>
            <param index="10">
              <value>
                <![CDATA[]]>
              </value>
            </param>
          </params>
          <reporter-output>
          </reporter-output>
        </test-method> <!-- f -->
        <test-method status="PASS" signature="f(java.lang.String, java.lang.String, java.lang.String, java.lang.String, java.lang.String, java.lang.String, java.lang.String, java.lang.String, java.lang.String, java.lang.String, java.lang.String)[pri:0, instance:com.testing.Vip01TestNGMaven.dataDriven@880ec60]" name="f" duration-ms="1" started-at="2018-11-23T13:00:05Z" data-provider="keywords" finished-at="2018-11-23T13:00:05Z">
          <params>
            <param index="0">
              <value>
                <![CDATA[6]]>
              </value>
            </param>
            <param index="1">
              <value>
                <![CDATA[]]>
              </value>
            </param>
            <param index="2">
              <value>
                <![CDATA[点击登录]]>
              </value>
            </param>
            <param index="3">
              <value>
                <![CDATA[click]]>
              </value>
            </param>
            <param index="4">
              <value>
                <![CDATA[//input[@name='submit']]]>
              </value>
            </param>
            <param index="5">
              <value>
                <![CDATA[]]>
              </value>
            </param>
            <param index="6">
              <value>
                <![CDATA[]]>
              </value>
            </param>
            <param index="7">
              <value>
                <![CDATA[]]>
              </value>
            </param>
            <param index="8">
              <value>
                <![CDATA[]]>
              </value>
            </param>
            <param index="9">
              <value>
                <![CDATA[]]>
              </value>
            </param>
            <param index="10">
              <value>
                <![CDATA[]]>
              </value>
            </param>
          </params>
          <reporter-output>
          </reporter-output>
        </test-method> <!-- f -->
        <test-method status="PASS" signature="f(java.lang.String, java.lang.String, java.lang.String, java.lang.String, java.lang.String, java.lang.String, java.lang.String, java.lang.String, java.lang.String, java.lang.String, java.lang.String)[pri:0, instance:com.testing.Vip01TestNGMaven.dataDriven@880ec60]" name="f" duration-ms="1" started-at="2018-11-23T13:00:05Z" data-provider="keywords" finished-at="2018-11-23T13:00:05Z">
          <params>
            <param index="0">
              <value>
                <![CDATA[7]]>
              </value>
            </param>
            <param index="1">
              <value>
                <![CDATA[]]>
              </value>
            </param>
            <param index="2">
              <value>
                <![CDATA[点击商城菜单]]>
              </value>
            </param>
            <param index="3">
              <value>
                <![CDATA[click]]>
              </value>
            </param>
            <param index="4">
              <value>
                <![CDATA[//a[text()='商城']]]>
              </value>
            </param>
            <param index="5">
              <value>
                <![CDATA[]]>
              </value>
            </param>
            <param index="6">
              <value>
                <![CDATA[]]>
              </value>
            </param>
            <param index="7">
              <value>
                <![CDATA[]]>
              </value>
            </param>
            <param index="8">
              <value>
                <![CDATA[]]>
              </value>
            </param>
            <param index="9">
              <value>
                <![CDATA[]]>
              </value>
            </param>
            <param index="10">
              <value>
                <![CDATA[]]>
              </value>
            </param>
          </params>
          <reporter-output>
          </reporter-output>
        </test-method> <!-- f -->
        <test-method status="PASS" signature="f(java.lang.String, java.lang.String, java.lang.String, java.lang.String, java.lang.String, java.lang.String, java.lang.String, java.lang.String, java.lang.String, java.lang.String, java.lang.String)[pri:0, instance:com.testing.Vip01TestNGMaven.dataDriven@880ec60]" name="f" duration-ms="0" started-at="2018-11-23T13:00:05Z" data-provider="keywords" finished-at="2018-11-23T13:00:05Z">
          <params>
            <param index="0">
              <value>
                <![CDATA[8]]>
              </value>
            </param>
            <param index="1">
              <value>
                <![CDATA[]]>
              </value>
            </param>
            <param index="2">
              <value>
                <![CDATA[切换到工作Iframe]]>
              </value>
            </param>
            <param index="3">
              <value>
                <![CDATA[intoIframe]]>
              </value>
            </param>
            <param index="4">
              <value>
                <![CDATA[//iframe[@id='workspace']]]>
              </value>
            </param>
            <param index="5">
              <value>
                <![CDATA[]]>
              </value>
            </param>
            <param index="6">
              <value>
                <![CDATA[]]>
              </value>
            </param>
            <param index="7">
              <value>
                <![CDATA[]]>
              </value>
            </param>
            <param index="8">
              <value>
                <![CDATA[]]>
              </value>
            </param>
            <param index="9">
              <value>
                <![CDATA[]]>
              </value>
            </param>
            <param index="10">
              <value>
                <![CDATA[]]>
              </value>
            </param>
          </params>
          <reporter-output>
          </reporter-output>
        </test-method> <!-- f -->
        <test-method status="PASS" signature="f(java.lang.String, java.lang.String, java.lang.String, java.lang.String, java.lang.String, java.lang.String, java.lang.String, java.lang.String, java.lang.String, java.lang.String, java.lang.String)[pri:0, instance:com.testing.Vip01TestNGMaven.dataDriven@880ec60]" name="f" duration-ms="1" started-at="2018-11-23T13:00:05Z" data-provider="keywords" finished-at="2018-11-23T13:00:05Z">
          <params>
            <param index="0">
              <value>
                <![CDATA[9]]>
              </value>
            </param>
            <param index="1">
              <value>
                <![CDATA[]]>
              </value>
            </param>
            <param index="2">
              <value>
                <![CDATA[点击添加商品]]>
              </value>
            </param>
            <param index="3">
              <value>
                <![CDATA[click]]>
              </value>
            </param>
            <param index="4">
              <value>
                <![CDATA[//div[@title='添加商品']]]>
              </value>
            </param>
            <param index="5">
              <value>
                <![CDATA[]]>
              </value>
            </param>
            <param index="6">
              <value>
                <![CDATA[]]>
              </value>
            </param>
            <param index="7">
              <value>
                <![CDATA[]]>
              </value>
            </param>
            <param index="8">
              <value>
                <![CDATA[]]>
              </value>
            </param>
            <param index="9">
              <value>
                <![CDATA[]]>
              </value>
            </param>
            <param index="10">
              <value>
                <![CDATA[]]>
              </value>
            </param>
          </params>
          <reporter-output>
          </reporter-output>
        </test-method> <!-- f -->
        <test-method status="PASS" signature="f(java.lang.String, java.lang.String, java.lang.String, java.lang.String, java.lang.String, java.lang.String, java.lang.String, java.lang.String, java.lang.String, java.lang.String, java.lang.String)[pri:0, instance:com.testing.Vip01TestNGMaven.dataDriven@880ec60]" name="f" duration-ms="0" started-at="2018-11-23T13:00:05Z" data-provider="keywords" finished-at="2018-11-23T13:00:05Z">
          <params>
            <param index="0">
              <value>
                <![CDATA[10]]>
              </value>
            </param>
            <param index="1">
              <value>
                <![CDATA[]]>
              </value>
            </param>
            <param index="2">
              <value>
                <![CDATA[输入商品名称]]>
              </value>
            </param>
            <param index="3">
              <value>
                <![CDATA[input]]>
              </value>
            </param>
            <param index="4">
              <value>
                <![CDATA[//input[@name='goods_name']]]>
              </value>
            </param>
            <param index="5">
              <value>
                <![CDATA[测试商品Roy]]>
              </value>
            </param>
            <param index="6">
              <value>
                <![CDATA[]]>
              </value>
            </param>
            <param index="7">
              <value>
                <![CDATA[]]>
              </value>
            </param>
            <param index="8">
              <value>
                <![CDATA[]]>
              </value>
            </param>
            <param index="9">
              <value>
                <![CDATA[]]>
              </value>
            </param>
            <param index="10">
              <value>
                <![CDATA[]]>
              </value>
            </param>
          </params>
          <reporter-output>
          </reporter-output>
        </test-method> <!-- f -->
        <test-method status="PASS" signature="f(java.lang.String, java.lang.String, java.lang.String, java.lang.String, java.lang.String, java.lang.String, java.lang.String, java.lang.String, java.lang.String, java.lang.String, java.lang.String)[pri:0, instance:com.testing.Vip01TestNGMaven.dataDriven@880ec60]" name="f" duration-ms="0" started-at="2018-11-23T13:00:05Z" data-provider="keywords" finished-at="2018-11-23T13:00:05Z">
          <params>
            <param index="0">
              <value>
                <![CDATA[11]]>
              </value>
            </param>
            <param index="1">
              <value>
                <![CDATA[]]>
              </value>
            </param>
            <param index="2">
              <value>
                <![CDATA[选择商品类型]]>
              </value>
            </param>
            <param index="3">
              <value>
                <![CDATA[selectByValue]]>
              </value>
            </param>
            <param index="4">
              <value>
                <![CDATA[//*[@id='cat_id']]]>
              </value>
            </param>
            <param index="5">
              <value>
                <![CDATA[52]]>
              </value>
            </param>
            <param index="6">
              <value>
                <![CDATA[]]>
              </value>
            </param>
            <param index="7">
              <value>
                <![CDATA[]]>
              </value>
            </param>
            <param index="8">
              <value>
                <![CDATA[]]>
              </value>
            </param>
            <param index="9">
              <value>
                <![CDATA[]]>
              </value>
            </param>
            <param index="10">
              <value>
                <![CDATA[]]>
              </value>
            </param>
          </params>
          <reporter-output>
          </reporter-output>
        </test-method> <!-- f -->
        <test-method status="PASS" signature="f(java.lang.String, java.lang.String, java.lang.String, java.lang.String, java.lang.String, java.lang.String, java.lang.String, java.lang.String, java.lang.String, java.lang.String, java.lang.String)[pri:0, instance:com.testing.Vip01TestNGMaven.dataDriven@880ec60]" name="f" duration-ms="1" started-at="2018-11-23T13:00:05Z" data-provider="keywords" finished-at="2018-11-23T13:00:05Z">
          <params>
            <param index="0">
              <value>
                <![CDATA[13]]>
              </value>
            </param>
            <param index="1">
              <value>
                <![CDATA[]]>
              </value>
            </param>
            <param index="2">
              <value>
                <![CDATA[选择商品类型2]]>
              </value>
            </param>
            <param index="3">
              <value>
                <![CDATA[selectByValue]]>
              </value>
            </param>
            <param index="4">
              <value>
                <![CDATA[//*[@id='cat_id_2']]]>
              </value>
            </param>
            <param index="5">
              <value>
                <![CDATA[54]]>
              </value>
            </param>
            <param index="6">
              <value>
                <![CDATA[]]>
              </value>
            </param>
            <param index="7">
              <value>
                <![CDATA[]]>
              </value>
            </param>
            <param index="8">
              <value>
                <![CDATA[]]>
              </value>
            </param>
            <param index="9">
              <value>
                <![CDATA[]]>
              </value>
            </param>
            <param index="10">
              <value>
                <![CDATA[]]>
              </value>
            </param>
          </params>
          <reporter-output>
          </reporter-output>
        </test-method> <!-- f -->
        <test-method status="PASS" signature="f(java.lang.String, java.lang.String, java.lang.String, java.lang.String, java.lang.String, java.lang.String, java.lang.String, java.lang.String, java.lang.String, java.lang.String, java.lang.String)[pri:0, instance:com.testing.Vip01TestNGMaven.dataDriven@880ec60]" name="f" duration-ms="0" started-at="2018-11-23T13:00:05Z" data-provider="keywords" finished-at="2018-11-23T13:00:05Z">
          <params>
            <param index="0">
              <value>
                <![CDATA[12]]>
              </value>
            </param>
            <param index="1">
              <value>
                <![CDATA[]]>
              </value>
            </param>
            <param index="2">
              <value>
                <![CDATA[等待]]>
              </value>
            </param>
            <param index="3">
              <value>
                <![CDATA[halt]]>
              </value>
            </param>
            <param index="4">
              <value>
                <![CDATA[1]]>
              </value>
            </param>
            <param index="5">
              <value>
                <![CDATA[]]>
              </value>
            </param>
            <param index="6">
              <value>
                <![CDATA[]]>
              </value>
            </param>
            <param index="7">
              <value>
                <![CDATA[]]>
              </value>
            </param>
            <param index="8">
              <value>
                <![CDATA[]]>
              </value>
            </param>
            <param index="9">
              <value>
                <![CDATA[]]>
              </value>
            </param>
            <param index="10">
              <value>
                <![CDATA[]]>
              </value>
            </param>
          </params>
          <reporter-output>
          </reporter-output>
        </test-method> <!-- f -->
        <test-method status="PASS" signature="f(java.lang.String, java.lang.String, java.lang.String, java.lang.String, java.lang.String, java.lang.String, java.lang.String, java.lang.String, java.lang.String, java.lang.String, java.lang.String)[pri:0, instance:com.testing.Vip01TestNGMaven.dataDriven@880ec60]" name="f" duration-ms="1" started-at="2018-11-23T13:00:05Z" data-provider="keywords" finished-at="2018-11-23T13:00:05Z">
          <params>
            <param index="0">
              <value>
                <![CDATA[14]]>
              </value>
            </param>
            <param index="1">
              <value>
                <![CDATA[]]>
              </value>
            </param>
            <param index="2">
              <value>
                <![CDATA[等待]]>
              </value>
            </param>
            <param index="3">
              <value>
                <![CDATA[halt]]>
              </value>
            </param>
            <param index="4">
              <value>
                <![CDATA[1]]>
              </value>
            </param>
            <param index="5">
              <value>
                <![CDATA[]]>
              </value>
            </param>
            <param index="6">
              <value>
                <![CDATA[]]>
              </value>
            </param>
            <param index="7">
              <value>
                <![CDATA[]]>
              </value>
            </param>
            <param index="8">
              <value>
                <![CDATA[]]>
              </value>
            </param>
            <param index="9">
              <value>
                <![CDATA[]]>
              </value>
            </param>
            <param index="10">
              <value>
                <![CDATA[]]>
              </value>
            </param>
          </params>
          <reporter-output>
          </reporter-output>
        </test-method> <!-- f -->
        <test-method status="PASS" signature="f(java.lang.String, java.lang.String, java.lang.String, java.lang.String, java.lang.String, java.lang.String, java.lang.String, java.lang.String, java.lang.String, java.lang.String, java.lang.String)[pri:0, instance:com.testing.Vip01TestNGMaven.dataDriven@880ec60]" name="f" duration-ms="0" started-at="2018-11-23T13:00:05Z" data-provider="keywords" finished-at="2018-11-23T13:00:05Z">
          <params>
            <param index="0">
              <value>
                <![CDATA[15]]>
              </value>
            </param>
            <param index="1">
              <value>
                <![CDATA[]]>
              </value>
            </param>
            <param index="2">
              <value>
                <![CDATA[选择商品类型3]]>
              </value>
            </param>
            <param index="3">
              <value>
                <![CDATA[selectByValue]]>
              </value>
            </param>
            <param index="4">
              <value>
                <![CDATA[//*[@id='cat_id_3']]]>
              </value>
            </param>
            <param index="5">
              <value>
                <![CDATA[374]]>
              </value>
            </param>
            <param index="6">
              <value>
                <![CDATA[]]>
              </value>
            </param>
            <param index="7">
              <value>
                <![CDATA[]]>
              </value>
            </param>
            <param index="8">
              <value>
                <![CDATA[]]>
              </value>
            </param>
            <param index="9">
              <value>
                <![CDATA[]]>
              </value>
            </param>
            <param index="10">
              <value>
                <![CDATA[]]>
              </value>
            </param>
          </params>
          <reporter-output>
          </reporter-output>
        </test-method> <!-- f -->
        <test-method status="PASS" signature="f(java.lang.String, java.lang.String, java.lang.String, java.lang.String, java.lang.String, java.lang.String, java.lang.String, java.lang.String, java.lang.String, java.lang.String, java.lang.String)[pri:0, instance:com.testing.Vip01TestNGMaven.dataDriven@880ec60]" name="f" duration-ms="2" started-at="2018-11-23T13:00:05Z" data-provider="keywords" finished-at="2018-11-23T13:00:05Z">
          <params>
            <param index="0">
              <value>
                <![CDATA[16]]>
              </value>
            </param>
            <param index="1">
              <value>
                <![CDATA[]]>
              </value>
            </param>
            <param index="2">
              <value>
                <![CDATA[输入市场价格]]>
              </value>
            </param>
            <param index="3">
              <value>
                <![CDATA[input]]>
              </value>
            </param>
            <param index="4">
              <value>
                <![CDATA[//input[@name='shop_price']]]>
              </value>
            </param>
            <param index="5">
              <value>
                <![CDATA[50]]>
              </value>
            </param>
            <param index="6">
              <value>
                <![CDATA[]]>
              </value>
            </param>
            <param index="7">
              <value>
                <![CDATA[]]>
              </value>
            </param>
            <param index="8">
              <value>
                <![CDATA[]]>
              </value>
            </param>
            <param index="9">
              <value>
                <![CDATA[]]>
              </value>
            </param>
            <param index="10">
              <value>
                <![CDATA[]]>
              </value>
            </param>
          </params>
          <reporter-output>
          </reporter-output>
        </test-method> <!-- f -->
        <test-method status="PASS" signature="f(java.lang.String, java.lang.String, java.lang.String, java.lang.String, java.lang.String, java.lang.String, java.lang.String, java.lang.String, java.lang.String, java.lang.String, java.lang.String)[pri:0, instance:com.testing.Vip01TestNGMaven.dataDriven@880ec60]" name="f" duration-ms="1" started-at="2018-11-23T13:00:05Z" data-provider="keywords" finished-at="2018-11-23T13:00:05Z">
          <params>
            <param index="0">
              <value>
                <![CDATA[17]]>
              </value>
            </param>
            <param index="1">
              <value>
                <![CDATA[]]>
              </value>
            </param>
            <param index="2">
              <value>
                <![CDATA[输入商店价格]]>
              </value>
            </param>
            <param index="3">
              <value>
                <![CDATA[input]]>
              </value>
            </param>
            <param index="4">
              <value>
                <![CDATA[//input[@name='market_price']]]>
              </value>
            </param>
            <param index="5">
              <value>
                <![CDATA[80]]>
              </value>
            </param>
            <param index="6">
              <value>
                <![CDATA[]]>
              </value>
            </param>
            <param index="7">
              <value>
                <![CDATA[]]>
              </value>
            </param>
            <param index="8">
              <value>
                <![CDATA[]]>
              </value>
            </param>
            <param index="9">
              <value>
                <![CDATA[]]>
              </value>
            </param>
            <param index="10">
              <value>
                <![CDATA[]]>
              </value>
            </param>
          </params>
          <reporter-output>
          </reporter-output>
        </test-method> <!-- f -->
        <test-method status="PASS" signature="f(java.lang.String, java.lang.String, java.lang.String, java.lang.String, java.lang.String, java.lang.String, java.lang.String, java.lang.String, java.lang.String, java.lang.String, java.lang.String)[pri:0, instance:com.testing.Vip01TestNGMaven.dataDriven@880ec60]" name="f" duration-ms="4" started-at="2018-11-23T13:00:05Z" data-provider="keywords" finished-at="2018-11-23T13:00:05Z">
          <params>
            <param index="0">
              <value>
                <![CDATA[19]]>
              </value>
            </param>
            <param index="1">
              <value>
                <![CDATA[]]>
              </value>
            </param>
            <param index="2">
              <value>
                <![CDATA[点击提交]]>
              </value>
            </param>
            <param index="3">
              <value>
                <![CDATA[click]]>
              </value>
            </param>
            <param index="4">
              <value>
                <![CDATA[//a[@id='submit']]]>
              </value>
            </param>
            <param index="5">
              <value>
                <![CDATA[]]>
              </value>
            </param>
            <param index="6">
              <value>
                <![CDATA[]]>
              </value>
            </param>
            <param index="7">
              <value>
                <![CDATA[]]>
              </value>
            </param>
            <param index="8">
              <value>
                <![CDATA[]]>
              </value>
            </param>
            <param index="9">
              <value>
                <![CDATA[]]>
              </value>
            </param>
            <param index="10">
              <value>
                <![CDATA[]]>
              </value>
            </param>
          </params>
          <reporter-output>
          </reporter-output>
        </test-method> <!-- f -->
        <test-method status="PASS" signature="f(java.lang.String, java.lang.String, java.lang.String, java.lang.String, java.lang.String, java.lang.String, java.lang.String, java.lang.String, java.lang.String, java.lang.String, java.lang.String)[pri:0, instance:com.testing.Vip01TestNGMaven.dataDriven@880ec60]" name="f" duration-ms="0" started-at="2018-11-23T13:00:05Z" data-provider="keywords" finished-at="2018-11-23T13:00:05Z">
          <params>
            <param index="0">
              <value>
                <![CDATA[18]]>
              </value>
            </param>
            <param index="1">
              <value>
                <![CDATA[]]>
              </value>
            </param>
            <param index="2">
              <value>
                <![CDATA[选择是否包邮]]>
              </value>
            </param>
            <param index="3">
              <value>
                <![CDATA[click]]>
              </value>
            </param>
            <param index="4">
              <value>
                <![CDATA[//*[@id='is_free_shipping_label_1']]]>
              </value>
            </param>
            <param index="5">
              <value>
                <![CDATA[]]>
              </value>
            </param>
            <param index="6">
              <value>
                <![CDATA[]]>
              </value>
            </param>
            <param index="7">
              <value>
                <![CDATA[]]>
              </value>
            </param>
            <param index="8">
              <value>
                <![CDATA[]]>
              </value>
            </param>
            <param index="9">
              <value>
                <![CDATA[]]>
              </value>
            </param>
            <param index="10">
              <value>
                <![CDATA[]]>
              </value>
            </param>
          </params>
          <reporter-output>
          </reporter-output>
        </test-method> <!-- f -->
        <test-method status="PASS" signature="f(java.lang.String, java.lang.String, java.lang.String, java.lang.String, java.lang.String, java.lang.String, java.lang.String, java.lang.String, java.lang.String, java.lang.String, java.lang.String)[pri:0, instance:com.testing.Vip01TestNGMaven.dataDriven@880ec60]" name="f" duration-ms="0" started-at="2018-11-23T13:00:05Z" data-provider="keywords" finished-at="2018-11-23T13:00:05Z">
          <params>
            <param index="0">
              <value>
                <![CDATA[20]]>
              </value>
            </param>
            <param index="1">
              <value>
                <![CDATA[]]>
              </value>
            </param>
            <param index="2">
              <value>
                <![CDATA[关闭浏览器]]>
              </value>
            </param>
            <param index="3">
              <value>
                <![CDATA[closeBrowser]]>
              </value>
            </param>
            <param index="4">
              <value>
                <![CDATA[]]>
              </value>
            </param>
            <param index="5">
              <value>
                <![CDATA[]]>
              </value>
            </param>
            <param index="6">
              <value>
                <![CDATA[]]>
              </value>
            </param>
            <param index="7">
              <value>
                <![CDATA[]]>
              </value>
            </param>
            <param index="8">
              <value>
                <![CDATA[]]>
              </value>
            </param>
            <param index="9">
              <value>
                <![CDATA[]]>
              </value>
            </param>
            <param index="10">
              <value>
                <![CDATA[]]>
              </value>
            </param>
          </params>
          <reporter-output>
          </reporter-output>
        </test-method> <!-- f -->
        <test-method status="PASS" signature="f(java.lang.String, java.lang.String, java.lang.String, java.lang.String, java.lang.String, java.lang.String, java.lang.String, java.lang.String, java.lang.String, java.lang.String, java.lang.String)[pri:0, instance:com.testing.Vip01TestNGMaven.dataDriven@880ec60]" name="f" duration-ms="0" started-at="2018-11-23T13:00:05Z" data-provider="keywords" finished-at="2018-11-23T13:00:05Z">
          <params>
            <param index="0">
              <value>
                <![CDATA[21]]>
              </value>
            </param>
            <param index="1">
              <value>
                <![CDATA[]]>
              </value>
            </param>
            <param index="2">
              <value>
                <![CDATA[打开浏览器]]>
              </value>
            </param>
            <param index="3">
              <value>
                <![CDATA[openBrowser]]>
              </value>
            </param>
            <param index="4">
              <value>
                <![CDATA[chrome]]>
              </value>
            </param>
            <param index="5">
              <value>
                <![CDATA[]]>
              </value>
            </param>
            <param index="6">
              <value>
                <![CDATA[]]>
              </value>
            </param>
            <param index="7">
              <value>
                <![CDATA[]]>
              </value>
            </param>
            <param index="8">
              <value>
                <![CDATA[]]>
              </value>
            </param>
            <param index="9">
              <value>
                <![CDATA[]]>
              </value>
            </param>
            <param index="10">
              <value>
                <![CDATA[]]>
              </value>
            </param>
          </params>
          <reporter-output>
          </reporter-output>
        </test-method> <!-- f -->
        <test-method status="PASS" signature="f(java.lang.String, java.lang.String, java.lang.String, java.lang.String, java.lang.String, java.lang.String, java.lang.String, java.lang.String, java.lang.String, java.lang.String, java.lang.String)[pri:0, instance:com.testing.Vip01TestNGMaven.dataDriven@880ec60]" name="f" duration-ms="0" started-at="2018-11-23T13:00:05Z" data-provider="keywords" finished-at="2018-11-23T13:00:05Z">
          <params>
            <param index="0">
              <value>
                <![CDATA[22]]>
              </value>
            </param>
            <param index="1">
              <value>
                <![CDATA[]]>
              </value>
            </param>
            <param index="2">
              <value>
                <![CDATA[登录商城]]>
              </value>
            </param>
            <param index="3">
              <value>
                <![CDATA[login]]>
              </value>
            </param>
            <param index="4">
              <value>
                <![CDATA[2798145476@qq.com]]>
              </value>
            </param>
            <param index="5">
              <value>
                <![CDATA[qinghong]]>
              </value>
            </param>
            <param index="6">
              <value>
                <![CDATA[]]>
              </value>
            </param>
            <param index="7">
              <value>
                <![CDATA[]]>
              </value>
            </param>
            <param index="8">
              <value>
                <![CDATA[]]>
              </value>
            </param>
            <param index="9">
              <value>
                <![CDATA[]]>
              </value>
            </param>
            <param index="10">
              <value>
                <![CDATA[]]>
              </value>
            </param>
          </params>
          <reporter-output>
          </reporter-output>
        </test-method> <!-- f -->
        <test-method status="PASS" signature="f(java.lang.String, java.lang.String, java.lang.String, java.lang.String, java.lang.String, java.lang.String, java.lang.String, java.lang.String, java.lang.String, java.lang.String, java.lang.String)[pri:0, instance:com.testing.Vip01TestNGMaven.dataDriven@880ec60]" name="f" duration-ms="1" started-at="2018-11-23T13:00:05Z" data-provider="keywords" finished-at="2018-11-23T13:00:05Z">
          <params>
            <param index="0">
              <value>
                <![CDATA[23]]>
              </value>
            </param>
            <param index="1">
              <value>
                <![CDATA[]]>
              </value>
            </param>
            <param index="2">
              <value>
                <![CDATA[回到商城首页]]>
              </value>
            </param>
            <param index="3">
              <value>
                <![CDATA[visitWeb]]>
              </value>
            </param>
            <param index="4">
              <value>
                <![CDATA[http://112.74.191.10:8000/Home/Index/index.html]]>
              </value>
            </param>
            <param index="5">
              <value>
                <![CDATA[]]>
              </value>
            </param>
            <param index="6">
              <value>
                <![CDATA[]]>
              </value>
            </param>
            <param index="7">
              <value>
                <![CDATA[]]>
              </value>
            </param>
            <param index="8">
              <value>
                <![CDATA[]]>
              </value>
            </param>
            <param index="9">
              <value>
                <![CDATA[]]>
              </value>
            </param>
            <param index="10">
              <value>
                <![CDATA[]]>
              </value>
            </param>
          </params>
          <reporter-output>
          </reporter-output>
        </test-method> <!-- f -->
        <test-method status="PASS" signature="f(java.lang.String, java.lang.String, java.lang.String, java.lang.String, java.lang.String, java.lang.String, java.lang.String, java.lang.String, java.lang.String, java.lang.String, java.lang.String)[pri:0, instance:com.testing.Vip01TestNGMaven.dataDriven@880ec60]" name="f" duration-ms="0" started-at="2018-11-23T13:00:05Z" data-provider="keywords" finished-at="2018-11-23T13:00:05Z">
          <params>
            <param index="0">
              <value>
                <![CDATA[24]]>
              </value>
            </param>
            <param index="1">
              <value>
                <![CDATA[]]>
              </value>
            </param>
            <param index="2">
              <value>
                <![CDATA[搜索商品]]>
              </value>
            </param>
            <param index="3">
              <value>
                <![CDATA[input]]>
              </value>
            </param>
            <param index="4">
              <value>
                <![CDATA[//input[@id='q']]]>
              </value>
            </param>
            <param index="5">
              <value>
                <![CDATA[测试商品Roy]]>
              </value>
            </param>
            <param index="6">
              <value>
                <![CDATA[]]>
              </value>
            </param>
            <param index="7">
              <value>
                <![CDATA[]]>
              </value>
            </param>
            <param index="8">
              <value>
                <![CDATA[]]>
              </value>
            </param>
            <param index="9">
              <value>
                <![CDATA[]]>
              </value>
            </param>
            <param index="10">
              <value>
                <![CDATA[]]>
              </value>
            </param>
          </params>
          <reporter-output>
          </reporter-output>
        </test-method> <!-- f -->
        <test-method status="PASS" signature="f(java.lang.String, java.lang.String, java.lang.String, java.lang.String, java.lang.String, java.lang.String, java.lang.String, java.lang.String, java.lang.String, java.lang.String, java.lang.String)[pri:0, instance:com.testing.Vip01TestNGMaven.dataDriven@880ec60]" name="f" duration-ms="0" started-at="2018-11-23T13:00:05Z" data-provider="keywords" finished-at="2018-11-23T13:00:05Z">
          <params>
            <param index="0">
              <value>
                <![CDATA[25]]>
              </value>
            </param>
            <param index="1">
              <value>
                <![CDATA[]]>
              </value>
            </param>
            <param index="2">
              <value>
                <![CDATA[点击提交]]>
              </value>
            </param>
            <param index="3">
              <value>
                <![CDATA[click]]>
              </value>
            </param>
            <param index="4">
              <value>
                <![CDATA[//button[@type='submit']]]>
              </value>
            </param>
            <param index="5">
              <value>
                <![CDATA[]]>
              </value>
            </param>
            <param index="6">
              <value>
                <![CDATA[]]>
              </value>
            </param>
            <param index="7">
              <value>
                <![CDATA[]]>
              </value>
            </param>
            <param index="8">
              <value>
                <![CDATA[]]>
              </value>
            </param>
            <param index="9">
              <value>
                <![CDATA[]]>
              </value>
            </param>
            <param index="10">
              <value>
                <![CDATA[]]>
              </value>
            </param>
          </params>
          <reporter-output>
          </reporter-output>
        </test-method> <!-- f -->
        <test-method status="PASS" signature="f(java.lang.String, java.lang.String, java.lang.String, java.lang.String, java.lang.String, java.lang.String, java.lang.String, java.lang.String, java.lang.String, java.lang.String, java.lang.String)[pri:0, instance:com.testing.Vip01TestNGMaven.dataDriven@880ec60]" name="f" duration-ms="1" started-at="2018-11-23T13:00:05Z" data-provider="keywords" finished-at="2018-11-23T13:00:05Z">
          <params>
            <param index="0">
              <value>
                <![CDATA[27]]>
              </value>
            </param>
            <param index="1">
              <value>
                <![CDATA[]]>
              </value>
            </param>
            <param index="2">
              <value>
                <![CDATA[添加购物车]]>
              </value>
            </param>
            <param index="3">
              <value>
                <![CDATA[click]]>
              </value>
            </param>
            <param index="4">
              <value>
                <![CDATA[//*[@id='join_cart']]]>
              </value>
            </param>
            <param index="5">
              <value>
                <![CDATA[]]>
              </value>
            </param>
            <param index="6">
              <value>
                <![CDATA[]]>
              </value>
            </param>
            <param index="7">
              <value>
                <![CDATA[]]>
              </value>
            </param>
            <param index="8">
              <value>
                <![CDATA[]]>
              </value>
            </param>
            <param index="9">
              <value>
                <![CDATA[]]>
              </value>
            </param>
            <param index="10">
              <value>
                <![CDATA[]]>
              </value>
            </param>
          </params>
          <reporter-output>
          </reporter-output>
        </test-method> <!-- f -->
        <test-method status="PASS" signature="f(java.lang.String, java.lang.String, java.lang.String, java.lang.String, java.lang.String, java.lang.String, java.lang.String, java.lang.String, java.lang.String, java.lang.String, java.lang.String)[pri:0, instance:com.testing.Vip01TestNGMaven.dataDriven@880ec60]" name="f" duration-ms="0" started-at="2018-11-23T13:00:05Z" data-provider="keywords" finished-at="2018-11-23T13:00:05Z">
          <params>
            <param index="0">
              <value>
                <![CDATA[26]]>
              </value>
            </param>
            <param index="1">
              <value>
                <![CDATA[]]>
              </value>
            </param>
            <param index="2">
              <value>
                <![CDATA[选择第一个商品]]>
              </value>
            </param>
            <param index="3">
              <value>
                <![CDATA[click]]>
              </value>
            </param>
            <param index="4">
              <value>
                <![CDATA[//div[@class='shop-list-splb p']/ul/li[1]/div/div[1]/a]]>
              </value>
            </param>
            <param index="5">
              <value>
                <![CDATA[]]>
              </value>
            </param>
            <param index="6">
              <value>
                <![CDATA[]]>
              </value>
            </param>
            <param index="7">
              <value>
                <![CDATA[]]>
              </value>
            </param>
            <param index="8">
              <value>
                <![CDATA[]]>
              </value>
            </param>
            <param index="9">
              <value>
                <![CDATA[]]>
              </value>
            </param>
            <param index="10">
              <value>
                <![CDATA[]]>
              </value>
            </param>
          </params>
          <reporter-output>
          </reporter-output>
        </test-method> <!-- f -->
        <test-method status="PASS" signature="f(java.lang.String, java.lang.String, java.lang.String, java.lang.String, java.lang.String, java.lang.String, java.lang.String, java.lang.String, java.lang.String, java.lang.String, java.lang.String)[pri:0, instance:com.testing.Vip01TestNGMaven.dataDriven@880ec60]" name="f" duration-ms="0" started-at="2018-11-23T13:00:05Z" data-provider="keywords" finished-at="2018-11-23T13:00:05Z">
          <params>
            <param index="0">
              <value>
                <![CDATA[28]]>
              </value>
            </param>
            <param index="1">
              <value>
                <![CDATA[]]>
              </value>
            </param>
            <param index="2">
              <value>
                <![CDATA[关闭浏览器]]>
              </value>
            </param>
            <param index="3">
              <value>
                <![CDATA[closeBrowser]]>
              </value>
            </param>
            <param index="4">
              <value>
                <![CDATA[]]>
              </value>
            </param>
            <param index="5">
              <value>
                <![CDATA[]]>
              </value>
            </param>
            <param index="6">
              <value>
                <![CDATA[]]>
              </value>
            </param>
            <param index="7">
              <value>
                <![CDATA[]]>
              </value>
            </param>
            <param index="8">
              <value>
                <![CDATA[]]>
              </value>
            </param>
            <param index="9">
              <value>
                <![CDATA[]]>
              </value>
            </param>
            <param index="10">
              <value>
                <![CDATA[]]>
              </value>
            </param>
          </params>
          <reporter-output>
          </reporter-output>
        </test-method> <!-- f -->
        <test-method status="PASS" signature="afterSuite()[pri:0, instance:com.testing.Vip01TestNGMaven.dataDriven@880ec60]" name="afterSuite" is-config="true" duration-ms="67" started-at="2018-11-23T13:00:05Z" finished-at="2018-11-23T13:00:05Z">
          <reporter-output>
          </reporter-output>
        </test-method> <!-- afterSuite -->
      </class> <!-- com.testing.Vip01TestNGMaven.dataDriven -->
    </test> <!-- test1 -->
  </suite> <!-- Suite1 -->
</testng-results>
